<?xml version="1.0" encoding="UTF-8"?>
<testsuite xmlns:xsi="http://www.w3.org/2001/XMLSchema-instance" xsi:noNamespaceSchemaLocation="https://maven.apache.org/surefire/maven-surefire-plugin/xsd/surefire-test-report-3.0.xsd" version="3.0" name="TestSuite" time="0.742" tests="1" errors="0" skipped="0" failures="0">
  <properties>
[...]
</properties>
  <testcase name="helloWorld" classname="solvd.carina.demo.HelloWorld" time="0.036">
    <system-out><![CDATA[2023-03-07 15:49:40 CarinaListener [main] [INFO] 
============= Test configuration =============
url=https://www.gsmarena.com
env=DEMO
selenium_url=http://localhost:4444/wd/hub
auto_screenshot=true
retry_interval=5
project_report_directory=./reports
max_screen_history=10
localization_encoding=UTF-8
selenium_url=http://localhost:4444/wd/hub

------------- Driver capabilities -----------
capabilities.browserName=chrome
================================================

2023-03-07 15:49:40 TestRunRegistrar [main-1] [WARN] Reporting disabled: using no op test run registrar
2023-03-07 15:49:41 Reflections [main-1] [INFO] Reflections took 463 ms to scan 13 urls, producing 2620 keys and 12770 values 
2023-03-07 15:49:41 CarinaListener [main-1] [INFO] Set thread-count=1
2023-03-07 15:49:41 CarinaListener [main-1] [INFO] Set data-provider-thread-count=1
2023-03-07 15:49:41 CarinaListener [main-1] [INFO] CARINA_CORE_VERSION: 7.4.27
2023-03-07 15:49:41 TestRunRegistrar [TestNG-test=Hello World test-1] [WARN] Reporting disabled: using no op test run registrar
2023-03-07 15:49:41 Messager [TestNG-test=Hello World test-1-21] [INFO] TEST [Hello World test - helloWorld] STARTED at [15:49:41 2023-03-07]
2023-03-07 15:49:41 HelloWorld [TestNG-test=Hello World test-1-21] [INFO] Hello World!
2023-03-07 15:49:41 Messager [TestNG-test=Hello World test-1-21] [INFO] TEST [Hello World test - helloWorld] PASSED at [15:49:41 2023-03-07]
]]></system-out>
  </testcase>
</testsuite>