<?xml version="1.0" encoding="UTF-8"?>
<testng-results ignored="0" total="1" passed="1" failed="0" skipped="0">
  <reporter-output>
  </reporter-output>
  <suite started-at="2023-03-07T15:49:41 GET" name="Carina Demo Tests - Hello World" finished-at="2023-03-07T15:49:41 GET" duration-ms="52">
    <groups>
    </groups>
    <test started-at="2023-03-07T15:49:41 GET" name="Hello World test" finished-at="2023-03-07T15:49:41 GET" duration-ms="52">
      <class name="solvd.carina.demo.HelloWorld">
        <test-method signature="helloWorld()[pri:0, instance:solvd.carina.demo.HelloWorld@2bb118ae]" started-at="2023-03-07T15:49:41 GET" name="helloWorld" finished-at="2023-03-07T15:49:41 GET" duration-ms="12" status="PASS">
          <reporter-output>
          </reporter-output>
        </test-method> <!-- helloWorld -->
      </class> <!-- solvd.carina.demo.HelloWorld -->
    </test> <!-- Hello World test -->
  </suite> <!-- Carina Demo Tests - Hello World -->
</testng-results>
